WTG辅助工具4.9.8.0
2019/4/4 13:31:59
Command:dism.exe /image:I: /enable-feature /featurename:NetFX3 /source:D:\Motrix\Windows10_InsiderPreview_Client_x64_zh-cn_18343\sources\sxs
部署映像服务和管理工具
版本: 10.0.18362.1
映像版本: 10.0.18343.1
启用一个或多个功能
[===========================61.0%===                       ] 
[===========================61.2%===                       ] 
[===========================61.6%===                       ] 
[===========================62.1%====                      ] 
[===========================62.4%====                      ] 
[===========================62.8%====                      ] 
[===========================63.2%====                      ] 
[===========================63.6%====                      ] 
[===========================63.8%=====                     ] 
[===========================64.1%=====                     ] 
[===========================64.6%=====                     ] 
[===========================65.1%=====                     ] 
[===========================65.5%=====                     ] 
[===========================65.8%======                    ] 
[===========================66.0%======                    ] 
[===========================66.0%======                    ] 
[===========================66.5%======                    ] 
[===========================66.5%======                    ] 
[===========================66.5%======                    ] 
[===========================67.5%=======                   ] 
[===========================68.5%=======                   ] 
[===========================69.5%========                  ] 
[===========================70.5%========                  ] 
[===========================71.5%=========                 ] 
[===========================71.6%=========                 ] 
[===========================72.6%==========                ] 
[===========================73.6%==========                ] 
[===========================74.6%===========               ] 
[===========================75.6%===========               ] 
[===========================76.0%============              ] 
[===========================76.0%============              ] 
[===========================76.0%============              ] 
[===========================76.0%============              ] 
[===========================76.0%============              ] 
[===========================77.5%============              ] 
[===========================78.7%=============             ] 
[===========================79.9%==============            ] 
[===========================81.2%===============           ] 
[===========================82.4%===============           ] 
[===========================83.4%================          ] 
[===========================84.3%================          ] 
[===========================85.0%=================         ] 
[===========================86.0%=================         ] 
[===========================86.9%==================        ] 
[===========================87.8%==================        ] 
[===========================90.2%====================      ] 
[===========================91.2%====================      ] 
[===========================92.2%=====================     ] 
[===========================93.2%======================    ] 
[===========================93.7%======================    ] 
[===========================94.7%======================    ] 
[==========================100.0%==========================] 
操作成功完成。

