WTG辅助工具4.9.8.0
2019/4/4 13:23:05
Command:diskpart.exe /s "C:\Users\bili33\AppData\Local\Temp\9fd9ff3b-73fa-45e4-81f3-feceba194b86"
Microsoft DiskPart 版本 10.0.18362.1
Copyright (C) Microsoft Corporation.
在计算机上: SSD-BILI33
卷 8 是所选卷。
DiskPart 成功地清除了磁盘。
DiskPart 已将所选磁盘成功地转更换为 MBR 格式。
DiskPart 成功地创建了指定分区。
DiskPart 成功地创建了指定分区。
分区 1 现在是所选分区。
    0 百分比已完成
    0 百分比已完成
  100 百分比已完成
DiskPart 成功格式化该卷。
DiskPart 将当前分区标为活动。
DiskPart 成功地分配了驱动器号或装载点。
分区 2 现在是所选分区。
    0 百分比已完成
    0 百分比已完成
    0 百分比已完成
    0 百分比已完成
    0 百分比已完成
    0 百分比已完成
    0 百分比已完成
    0 百分比已完成
    0 百分比已完成
    0 百分比已完成
    0 百分比已完成
    0 百分比已完成
    0 百分比已完成
    0 百分比已完成
    0 百分比已完成
    0 百分比已完成
    0 百分比已完成
    0 百分比已完成
    0 百分比已完成
    0 百分比已完成
    0 百分比已完成
    0 百分比已完成
    0 百分比已完成
    0 百分比已完成
    0 百分比已完成
    0 百分比已完成
    0 百分比已完成
    0 百分比已完成
    0 百分比已完成
    0 百分比已完成
    0 百分比已完成
    0 百分比已完成
    0 百分比已完成
    0 百分比已完成
    0 百分比已完成
    0 百分比已完成
  100 百分比已完成
DiskPart 成功格式化该卷。
DiskPart 成功地分配了驱动器号或装载点。
退出 DiskPart...

